<?xml version="1.0" encoding="UTF-8"?>
<!-- Generated by org.testng.reporters.JUnitXMLReporter -->
<testsuite ignored="0" hostname="BSRUTHI-T490" failures="0" tests="1" name="node" time="224.155" errors="0" timestamp="2021-04-30T12:21:01 IST">
  <testcase classname="com.operacloud.selenium.actions.extensions.OperaCloudSeleniumActions" name="@BeforeTest invokeBrowser" time="224.12">
    <failure type="io.github.bonigarcia.wdm.config.WebDriverManagerException" message="io.github.bonigarcia.wdm.config.WebDriverManagerException: org.apache.hc.client5.http.HttpHostConnectException: Connect to https://chromedriver.storage.googleapis.com:443 [chromedriver.storage.googleapis.com/216.58.192.144, chromedriver.storage.googleapis.com/2607:f8b0:4009:809:0:0:0:2010] failed: Connection timed out: no further information">
      <![CDATA[io.github.bonigarcia.wdm.config.WebDriverManagerException: io.github.bonigarcia.wdm.config.WebDriverManagerException: org.apache.hc.client5.http.HttpHostConnectException: Connect to https://chromedriver.storage.googleapis.com:443 [chromedriver.storage.googleapis.com/216.58.192.144, chromedriver.storage.googleapis.com/2607:f8b0:4009:809:0:0:0:2010] failed: Connection timed out: no further information
at io.github.bonigarcia.wdm.WebDriverManager.handleException(WebDriverManager.java:747)
at io.github.bonigarcia.wdm.WebDriverManager.manage(WebDriverManager.java:541)
at io.github.bonigarcia.wdm.WebDriverManager.handleException(WebDriverManager.java:744)
at io.github.bonigarcia.wdm.WebDriverManager.manage(WebDriverManager.java:541)
at io.github.bonigarcia.wdm.WebDriverManager.setup(WebDriverManager.java:277)
at com.operacloud.selenium.actions.extensions.OperaCloudSeleniumActions.invokeBrowser(OperaCloudSeleniumActions.java:48)
Caused by: io.github.bonigarcia.wdm.config.WebDriverManagerException: org.apache.hc.client5.http.HttpHostConnectException: Connect to https://chromedriver.storage.googleapis.com:443 [chromedriver.storage.googleapis.com/216.58.192.144, chromedriver.storage.googleapis.com/2607:f8b0:4009:809:0:0:0:2010] failed: Connection timed out: no further information
at io.github.bonigarcia.wdm.WebDriverManager.getDriversFromXml(WebDriverManager.java:876)
at io.github.bonigarcia.wdm.managers.ChromeDriverManager.getDriverUrls(ChromeDriverManager.java:100)
at io.github.bonigarcia.wdm.WebDriverManager.createUrlHandler(WebDriverManager.java:753)
at io.github.bonigarcia.wdm.WebDriverManager.download(WebDriverManager.java:602)
at io.github.bonigarcia.wdm.WebDriverManager.manage(WebDriverManager.java:535)
... 28 more
Caused by: org.apache.hc.client5.http.HttpHostConnectException: Connect to https://chromedriver.storage.googleapis.com:443 [chromedriver.storage.googleapis.com/216.58.192.144, chromedriver.storage.googleapis.com/2607:f8b0:4009:809:0:0:0:2010] failed: Connection timed out: no further information
at java.base/sun.nio.ch.Net.pollConnect(Native Method)
at java.base/sun.nio.ch.Net.pollConnectNow(Net.java:660)
at java.base/sun.nio.ch.NioSocketImpl.timedFinishConnect(NioSocketImpl.java:549)
at java.base/sun.nio.ch.NioSocketImpl.connect(NioSocketImpl.java:597)
at java.base/java.net.SocksSocketImpl.connect(SocksSocketImpl.java:333)
at java.base/java.net.Socket.connect(Socket.java:648)
at org.apache.hc.client5.http.ssl.SSLConnectionSocketFactory$1.run(SSLConnectionSocketFactory.java:222)
at java.base/java.security.AccessController.doPrivileged(AccessController.java:554)
at org.apache.hc.client5.http.ssl.SSLConnectionSocketFactory.connectSocket(SSLConnectionSocketFactory.java:219)
at org.apache.hc.client5.http.impl.io.DefaultHttpClientConnectionOperator.connect(DefaultHttpClientConnectionOperator.java:148)
at org.apache.hc.client5.http.impl.io.PoolingHttpClientConnectionManager.connect(PoolingHttpClientConnectionManager.java:413)
at org.apache.hc.client5.http.impl.classic.InternalExecRuntime.connectEndpoint(InternalExecRuntime.java:164)
at org.apache.hc.client5.http.impl.classic.InternalExecRuntime.connectEndpoint(InternalExecRuntime.java:174)
at org.apache.hc.client5.http.impl.classic.ConnectExec.execute(ConnectExec.java:135)
at org.apache.hc.client5.http.impl.classic.ExecChainElement.execute(ExecChainElement.java:51)
at org.apache.hc.client5.http.impl.classic.ExecChainElement$1.proceed(ExecChainElement.java:57)
at org.apache.hc.client5.http.impl.classic.ProtocolExec.execute(ProtocolExec.java:169)
at org.apache.hc.client5.http.impl.classic.ExecChainElement.execute(ExecChainElement.java:51)
at org.apache.hc.client5.http.impl.classic.ExecChainElement$1.proceed(ExecChainElement.java:57)
at org.apache.hc.client5.http.impl.classic.HttpRequestRetryExec.execute(HttpRequestRetryExec.java:93)
at org.apache.hc.client5.http.impl.classic.ExecChainElement.execute(ExecChainElement.java:51)
at org.apache.hc.client5.http.impl.classic.ExecChainElement$1.proceed(ExecChainElement.java:57)
at org.apache.hc.client5.http.impl.classic.ContentCompressionExec.execute(ContentCompressionExec.java:128)
at org.apache.hc.client5.http.impl.classic.ExecChainElement.execute(ExecChainElement.java:51)
at org.apache.hc.client5.http.impl.classic.ExecChainElement$1.proceed(ExecChainElement.java:57)
at org.apache.hc.client5.http.impl.classic.RedirectExec.execute(RedirectExec.java:116)
at org.apache.hc.client5.http.impl.classic.ExecChainElement.execute(ExecChainElement.java:51)
at org.apache.hc.client5.http.impl.classic.InternalHttpClient.doExecute(InternalHttpClient.java:178)
at org.apache.hc.client5.http.impl.classic.CloseableHttpClient.execute(CloseableHttpClient.java:75)
at org.apache.hc.client5.http.impl.classic.CloseableHttpClient.execute(CloseableHttpClient.java:89)
at io.github.bonigarcia.wdm.online.HttpClient.execute(HttpClient.java:138)
at io.github.bonigarcia.wdm.WebDriverManager.getDriversFromXml(WebDriverManager.java:861)
... 32 more
... Removed 24 stack frames]]>
    </failure>
  </testcase> <!-- @BeforeTest invokeBrowser -->
  <testcase classname="com.operacloud.testcases.TC017_Download_Report" name="@BeforeTest setData" time="-1.619765461941E9">
    <skipped/>
  </testcase> <!-- @BeforeTest setData -->
  <testcase classname="com.operacloud.selenium.actions.extensions.OperaCloudSeleniumActions" name="@BeforeClass testDetails" time="-1.619765461952E9">
    <skipped/>
  </testcase> <!-- @BeforeClass testDetails -->
  <testcase classname="com.operacloud.selenium.actions.extensions.OperaCloudSeleniumActions" name="@BeforeMethod startApp" time="-1.619765461961E9">
    <skipped/>
  </testcase> <!-- @BeforeMethod startApp -->
  <testcase classname="com.operacloud.selenium.actions.extensions.OperaCloudSeleniumActions" name="@AfterMethod postCondition" time="-1.619765461965E9">
    <skipped/>
  </testcase> <!-- @AfterMethod postCondition -->
  <testcase classname="com.operacloud.testcases.TC017_Download_Report" name="testToolBoxExportShell" time="0.0">
    <skipped/>
  </testcase> <!-- testToolBoxExportShell -->
</testsuite> <!-- node -->
