<?xml version="1.0" encoding="UTF-8"?>
<!-- Generated by org.testng.reporters.JUnitXMLReporter -->
<testsuite ignored="4" hostname="BSRUTHI-T490" failures="0" tests="21" name="Test" time="4281.293" errors="0" timestamp="2021-08-09T11:01:01 IST">
  <testcase classname="com.operacloud.testcases.TC001_SmokeTesting" name="changeLocation" time="119.839"/>
  <testcase classname="com.operacloud.testcases.TC001_SmokeTesting" name="testSettingsAccessible" time="95.103"/>
  <testcase classname="com.operacloud.testcases.TC001_SmokeTesting" name="testConfirmTilescanbeaddedtoOperaCloudDashboard" time="95.025"/>
  <testcase classname="com.operacloud.testcases.TC001_SmokeTesting" name="testUsercansuccessfullyclearapplicationcache" time="102.876"/>
  <testcase classname="com.operacloud.testcases.TC001_SmokeTesting" name="testValidatePrerequisiteConfigurationforEmailDelivery" time="129.169"/>
  <testcase classname="com.operacloud.testcases.TC001_SmokeTesting" name="testVerifyEnvironmentControlsIsAccessible" time="131.821"/>
  <testcase classname="com.operacloud.testcases.TC001_SmokeTesting" name="testToolBoxExportShell" time="137.003"/>
  <testcase classname="com.operacloud.testcases.TC001_SmokeTesting" name="verifyApplicationLogs" time="120.783"/>
  <testcase classname="com.operacloud.testcases.TC001_SmokeTesting" name="aboutOperacloud" time="99.975"/>
  <testcase classname="com.operacloud.testcases.TC001_SmokeTesting" name="confirmAllModulesAreAccessible" time="132.429"/>
  <testcase classname="com.operacloud.testcases.TC002_OperaCloudReportsAndExportTestCases" name="downloadAReport" time="178.265"/>
  <testcase classname="com.operacloud.testcases.TC002_OperaCloudReportsAndExportTestCases" name="emailAReport" time="166.664"/>
  <testcase classname="com.operacloud.testcases.TC002_OperaCloudReportsAndExportTestCases" name="createShiftReport" time="565.076"/>
  <testcase classname="com.operacloud.testcases.TC002_OperaCloudReportsAndExportTestCases" name="previewMultipleReports" time="423.424"/>
  <testcase classname="com.operacloud.testcases.TC002_OperaCloudReportsAndExportTestCases" name="createScheduledReport" time="293.143"/>
  <testcase classname="com.operacloud.testcases.TC002_OperaCloudReportsAndExportTestCases" name="generateExport" time="302.964"/>
  <testcase classname="com.operacloud.testcases.TC004_OperaCloudProfileTestCases" name="createProfile" time="319.207"/>
  <testcase classname="com.operacloud.testcases.TC004_OperaCloudProfileTestCases" name="basicSearchProfile" time="150.08"/>
  <testcase classname="com.operacloud.testcases.TC004_OperaCloudProfileTestCases" name="advancedSearchProfile" time="163.633"/>
  <testcase classname="com.operacloud.testcases.TC004_OperaCloudProfileTestCases" name="addAttachmentTxtFile" time="277.458"/>
  <testcase classname="com.operacloud.testcases.TC004_OperaCloudProfileTestCases" name="addAttachmentImageFile" time="269.82"/>
  <testcase classname="com.operacloud.selenium.actions.extensions.OperaCloudSeleniumActions" name="@AfterSuite endReport" time="0.0">
    <ignored/>
  </testcase> <!-- @AfterSuite endReport -->
  <testcase classname="com.operacloud.selenium.actions.extensions.OperaCloudSeleniumActions" name="@AfterSuite endReport" time="0.0">
    <ignored/>
  </testcase> <!-- @AfterSuite endReport -->
  <testcase classname="com.operacloud.selenium.actions.extensions.OperaCloudSeleniumActions" name="@BeforeSuite startReport" time="0.0">
    <ignored/>
  </testcase> <!-- @BeforeSuite startReport -->
  <testcase classname="com.operacloud.selenium.actions.extensions.OperaCloudSeleniumActions" name="@BeforeSuite startReport" time="0.0">
    <ignored/>
  </testcase> <!-- @BeforeSuite startReport -->
</testsuite> <!-- Test -->
