<?xml version="1.0" encoding="UTF-8"?>
<testng-results ignored="4" total="25" passed="21" failed="0" skipped="0">
  <reporter-output>
  </reporter-output>
  <suite started-at="2021-08-09T09:49:40 IST" name="Suite" finished-at="2021-08-09T11:01:01 IST" duration-ms="4281293">
    <groups>
    </groups>
    <test started-at="2021-08-09T09:49:40 IST" name="Test" finished-at="2021-08-09T11:01:01 IST" duration-ms="4281293">
      <class name="com.operacloud.testcases.TC001_SmokeTesting">
        <test-method is-config="true" signature="startReport()[pri:0, instance:com.operacloud.testcases.TC001_SmokeTesting@201a4587]" started-at="2021-08-09T09:49:37 IST" name="startReport" finished-at="2021-08-09T09:49:40 IST" duration-ms="2768" status="PASS">
          <reporter-output>
          </reporter-output>
        </test-method> <!-- startReport -->
        <test-method is-config="true" signature="setBrowserAndTestName()[pri:0, instance:com.operacloud.testcases.TC001_SmokeTesting@201a4587]" started-at="2021-08-09T09:49:40 IST" name="setBrowserAndTestName" finished-at="2021-08-09T09:49:46 IST" duration-ms="5956" status="PASS">
          <reporter-output>
          </reporter-output>
        </test-method> <!-- setBrowserAndTestName -->
        <test-method signature="changeLocation()[pri:0, instance:com.operacloud.testcases.TC001_SmokeTesting@201a4587]" started-at="2021-08-09T09:49:48 IST" name="changeLocation" finished-at="2021-08-09T09:51:47 IST" duration-ms="119839" status="PASS">
          <reporter-output>
          </reporter-output>
        </test-method> <!-- changeLocation -->
        <test-method signature="testSettingsAccessible()[pri:1, instance:com.operacloud.testcases.TC001_SmokeTesting@201a4587]" started-at="2021-08-09T09:51:47 IST" name="testSettingsAccessible" finished-at="2021-08-09T09:53:22 IST" duration-ms="95103" status="PASS">
          <reporter-output>
          </reporter-output>
        </test-method> <!-- testSettingsAccessible -->
        <test-method signature="testConfirmTilescanbeaddedtoOperaCloudDashboard()[pri:2, instance:com.operacloud.testcases.TC001_SmokeTesting@201a4587]" started-at="2021-08-09T09:53:22 IST" name="testConfirmTilescanbeaddedtoOperaCloudDashboard" finished-at="2021-08-09T09:54:57 IST" duration-ms="95025" status="PASS">
          <reporter-output>
          </reporter-output>
        </test-method> <!-- testConfirmTilescanbeaddedtoOperaCloudDashboard -->
        <test-method signature="testUsercansuccessfullyclearapplicationcache()[pri:3, instance:com.operacloud.testcases.TC001_SmokeTesting@201a4587]" started-at="2021-08-09T09:54:57 IST" name="testUsercansuccessfullyclearapplicationcache" finished-at="2021-08-09T09:56:40 IST" duration-ms="102876" status="PASS">
          <reporter-output>
          </reporter-output>
        </test-method> <!-- testUsercansuccessfullyclearapplicationcache -->
        <test-method signature="testValidatePrerequisiteConfigurationforEmailDelivery()[pri:5, instance:com.operacloud.testcases.TC001_SmokeTesting@201a4587]" started-at="2021-08-09T09:56:40 IST" name="testValidatePrerequisiteConfigurationforEmailDelivery" finished-at="2021-08-09T09:58:50 IST" duration-ms="129169" status="PASS">
          <reporter-output>
          </reporter-output>
        </test-method> <!-- testValidatePrerequisiteConfigurationforEmailDelivery -->
        <test-method signature="testVerifyEnvironmentControlsIsAccessible()[pri:6, instance:com.operacloud.testcases.TC001_SmokeTesting@201a4587]" started-at="2021-08-09T09:58:50 IST" name="testVerifyEnvironmentControlsIsAccessible" finished-at="2021-08-09T10:01:01 IST" duration-ms="131821" status="PASS">
          <reporter-output>
          </reporter-output>
        </test-method> <!-- testVerifyEnvironmentControlsIsAccessible -->
        <test-method signature="testToolBoxExportShell()[pri:7, instance:com.operacloud.testcases.TC001_SmokeTesting@201a4587]" started-at="2021-08-09T10:01:01 IST" name="testToolBoxExportShell" finished-at="2021-08-09T10:03:18 IST" duration-ms="137003" status="PASS">
          <reporter-output>
          </reporter-output>
        </test-method> <!-- testToolBoxExportShell -->
        <test-method signature="verifyApplicationLogs()[pri:8, instance:com.operacloud.testcases.TC001_SmokeTesting@201a4587]" started-at="2021-08-09T10:03:18 IST" name="verifyApplicationLogs" finished-at="2021-08-09T10:05:19 IST" duration-ms="120783" status="PASS">
          <reporter-output>
          </reporter-output>
        </test-method> <!-- verifyApplicationLogs -->
        <test-method signature="aboutOperacloud()[pri:9, instance:com.operacloud.testcases.TC001_SmokeTesting@201a4587]" started-at="2021-08-09T10:05:19 IST" name="aboutOperacloud" finished-at="2021-08-09T10:06:59 IST" duration-ms="99975" status="PASS">
          <reporter-output>
          </reporter-output>
        </test-method> <!-- aboutOperacloud -->
        <test-method signature="confirmAllModulesAreAccessible()[pri:10, instance:com.operacloud.testcases.TC001_SmokeTesting@201a4587]" started-at="2021-08-09T10:06:59 IST" name="confirmAllModulesAreAccessible" finished-at="2021-08-09T10:09:12 IST" duration-ms="132429" status="PASS">
          <reporter-output>
          </reporter-output>
        </test-method> <!-- confirmAllModulesAreAccessible -->
        <test-method is-config="true" signature="endReport()[pri:0, instance:com.operacloud.testcases.TC001_SmokeTesting@201a4587]" started-at="2021-08-09T11:01:01 IST" name="endReport" finished-at="2021-08-09T11:01:03 IST" duration-ms="1333" status="PASS">
          <reporter-output>
          </reporter-output>
        </test-method> <!-- endReport -->
      </class> <!-- com.operacloud.testcases.TC001_SmokeTesting -->
      <class name="com.operacloud.testcases.TC004_OperaCloudProfileTestCases">
        <test-method is-config="true" signature="setBrowserAndTestName()[pri:0, instance:com.operacloud.testcases.TC004_OperaCloudProfileTestCases@4310d43]" started-at="2021-08-09T09:49:47 IST" name="setBrowserAndTestName" finished-at="2021-08-09T09:49:47 IST" duration-ms="761" status="PASS">
          <reporter-output>
          </reporter-output>
        </test-method> <!-- setBrowserAndTestName -->
        <test-method signature="createProfile()[pri:0, instance:com.operacloud.testcases.TC004_OperaCloudProfileTestCases@4310d43]" started-at="2021-08-09T10:41:21 IST" name="createProfile" finished-at="2021-08-09T10:46:40 IST" duration-ms="319207" status="PASS">
          <reporter-output>
          </reporter-output>
        </test-method> <!-- createProfile -->
        <test-method signature="basicSearchProfile()[pri:1, instance:com.operacloud.testcases.TC004_OperaCloudProfileTestCases@4310d43]" started-at="2021-08-09T10:46:40 IST" name="basicSearchProfile" finished-at="2021-08-09T10:49:10 IST" depends-on-methods="com.operacloud.testcases.TC004_OperaCloudProfileTestCases.createProfile" duration-ms="150080" status="PASS">
          <reporter-output>
          </reporter-output>
        </test-method> <!-- basicSearchProfile -->
        <test-method signature="advancedSearchProfile()[pri:2, instance:com.operacloud.testcases.TC004_OperaCloudProfileTestCases@4310d43]" started-at="2021-08-09T10:49:10 IST" name="advancedSearchProfile" finished-at="2021-08-09T10:51:54 IST" depends-on-methods="com.operacloud.testcases.TC004_OperaCloudProfileTestCases.createProfile" duration-ms="163633" status="PASS">
          <reporter-output>
          </reporter-output>
        </test-method> <!-- advancedSearchProfile -->
        <test-method signature="addAttachmentTxtFile()[pri:3, instance:com.operacloud.testcases.TC004_OperaCloudProfileTestCases@4310d43]" started-at="2021-08-09T10:51:54 IST" name="addAttachmentTxtFile" finished-at="2021-08-09T10:56:31 IST" depends-on-methods="com.operacloud.testcases.TC004_OperaCloudProfileTestCases.createProfile" duration-ms="277458" status="PASS">
          <reporter-output>
          </reporter-output>
        </test-method> <!-- addAttachmentTxtFile -->
        <test-method signature="addAttachmentImageFile()[pri:4, instance:com.operacloud.testcases.TC004_OperaCloudProfileTestCases@4310d43]" started-at="2021-08-09T10:56:31 IST" name="addAttachmentImageFile" finished-at="2021-08-09T11:01:01 IST" duration-ms="269820" status="PASS">
          <reporter-output>
          </reporter-output>
        </test-method> <!-- addAttachmentImageFile -->
      </class> <!-- com.operacloud.testcases.TC004_OperaCloudProfileTestCases -->
      <class name="com.operacloud.testcases.TC002_OperaCloudReportsAndExportTestCases">
        <test-method is-config="true" signature="setBrowserAndTestName()[pri:0, instance:com.operacloud.testcases.TC002_OperaCloudReportsAndExportTestCases@61001b64]" started-at="2021-08-09T09:49:46 IST" name="setBrowserAndTestName" finished-at="2021-08-09T09:49:47 IST" duration-ms="750" status="PASS">
          <reporter-output>
          </reporter-output>
        </test-method> <!-- setBrowserAndTestName -->
        <test-method signature="downloadAReport()[pri:0, instance:com.operacloud.testcases.TC002_OperaCloudReportsAndExportTestCases@61001b64]" started-at="2021-08-09T10:09:12 IST" name="downloadAReport" finished-at="2021-08-09T10:12:10 IST" duration-ms="178265" status="PASS">
          <reporter-output>
          </reporter-output>
        </test-method> <!-- downloadAReport -->
        <test-method signature="emailAReport()[pri:1, instance:com.operacloud.testcases.TC002_OperaCloudReportsAndExportTestCases@61001b64]" started-at="2021-08-09T10:12:10 IST" name="emailAReport" finished-at="2021-08-09T10:14:56 IST" duration-ms="166664" status="PASS">
          <reporter-output>
          </reporter-output>
        </test-method> <!-- emailAReport -->
        <test-method signature="createShiftReport()[pri:2, instance:com.operacloud.testcases.TC002_OperaCloudReportsAndExportTestCases@61001b64]" started-at="2021-08-09T10:14:56 IST" name="createShiftReport" finished-at="2021-08-09T10:24:22 IST" duration-ms="565076" status="PASS">
          <reporter-output>
          </reporter-output>
        </test-method> <!-- createShiftReport -->
        <test-method signature="previewMultipleReports()[pri:3, instance:com.operacloud.testcases.TC002_OperaCloudReportsAndExportTestCases@61001b64]" started-at="2021-08-09T10:24:22 IST" name="previewMultipleReports" finished-at="2021-08-09T10:31:25 IST" depends-on-methods="com.operacloud.testcases.TC002_OperaCloudReportsAndExportTestCases.createShiftReport" duration-ms="423424" status="PASS">
          <reporter-output>
          </reporter-output>
        </test-method> <!-- previewMultipleReports -->
        <test-method signature="createScheduledReport()[pri:4, instance:com.operacloud.testcases.TC002_OperaCloudReportsAndExportTestCases@61001b64]" started-at="2021-08-09T10:31:25 IST" name="createScheduledReport" finished-at="2021-08-09T10:36:18 IST" duration-ms="293143" status="PASS">
          <reporter-output>
          </reporter-output>
        </test-method> <!-- createScheduledReport -->
        <test-method signature="generateExport()[pri:5, instance:com.operacloud.testcases.TC002_OperaCloudReportsAndExportTestCases@61001b64]" started-at="2021-08-09T10:36:18 IST" name="generateExport" finished-at="2021-08-09T10:41:21 IST" duration-ms="302964" status="PASS">
          <reporter-output>
          </reporter-output>
        </test-method> <!-- generateExport -->
      </class> <!-- com.operacloud.testcases.TC002_OperaCloudReportsAndExportTestCases -->
    </test> <!-- Test -->
  </suite> <!-- Suite -->
</testng-results>
